<?xml version="1.0" encoding="UTF-8"?>
<!-- Generated by org.testng.reporters.JUnitReportReporter -->
<testsuite skipped="0" hostname="B107DCOK" name="runner.TestNGRunner2" tests="1" failures="0" timestamp="23 Aug 2018 13:13:25 GMT" time="7.917" errors="0">
  <testcase name="feature" time="7.917" classname="runner.TestNGRunner2"/>
</testsuite> <!-- runner.TestNGRunner2 -->
