<?xml version="1.0" encoding="UTF-8"?>
<!-- Generated by org.testng.reporters.JUnitReportReporter -->
<testsuite skipped="0" hostname="B107DCOK" name="runner.TestNGRunner1" tests="3" failures="0" timestamp="23 Aug 2018 13:13:25 GMT" time="6.931" errors="0">
  <testcase name="feature" time="2.992" classname="runner.TestNGRunner1"/>
  <testcase name="feature" time="1.881" classname="runner.TestNGRunner1"/>
  <testcase name="feature" time="2.058" classname="runner.TestNGRunner1"/>
</testsuite> <!-- runner.TestNGRunner1 -->
